1608496836767	geckodriver	INFO	Listening on 127.0.0.1:50514
1608496839799	mozrunner::runner	INFO	Running command: "C:\\Program Files\\Mozilla Firefox\\firefox.exe" "--marionette" "-foreground" "-no-remote" "-profile" "C:\\Users\\gladi\\AppData\\Local\\Temp\\rust_mozprofilewwxzjo"
Can't find symbol 'eglSwapBuffersWithDamageEXT'.
Can't find symbol 'eglSetDamageRegionKHR'.
JavaScript error: resource://gre/modules/XULStore.jsm, line 66: Error: Can't find profile directory.
console.warn: SearchSettings: "get: No settings file exists, new profile?" (new Error("", "(unknown module)"))
1608496842684	Marionette	INFO	Listening on port 50522
1608496842966	Marionette	WARN	TLS certificate errors will be ignored for this session
1608496844956	Marionette	INFO	Stopped listening on port 50522

###!!! [Child][RunMessage] Error: Channel closing: too late to send/recv, messages will be lost


###!!! [Child][MessageChannel::SendAndWait] Error: Channel error: cannot send/recv

1608496845591	geckodriver	INFO	Listening on 127.0.0.1:50567
1608496848669	mozrunner::runner	INFO	Running command: "C:\\Program Files\\Mozilla Firefox\\firefox.exe" "--marionette" "-foreground" "-no-remote" "-profile" "C:\\Users\\gladi\\AppData\\Local\\Temp\\rust_mozprofilemwDP9Y"
Can't find symbol 'eglSwapBuffersWithDamageEXT'.
Can't find symbol 'eglSetDamageRegionKHR'.
JavaScript error: resource://gre/modules/XULStore.jsm, line 66: Error: Can't find profile directory.
console.warn: SearchSettings: "get: No settings file exists, new profile?" (new Error("", "(unknown module)"))
1608496850447	Marionette	INFO	Listening on port 50575
1608496850711	Marionette	WARN	TLS certificate errors will be ignored for this session
1608496857094	Marionette	INFO	Stopped listening on port 50575

###!!! [Child][RunMessage] Error: Channel closing: too late to send/recv, messages will be lost


###!!! [Child][MessageChannel::SendAndWait] Error: Channel error: cannot send/recv

